[INFO] 14:39:03:780 Mapa/(2631:2631): Se inicia Mapa.
[INFO] 14:39:08:576 Mapa/(2647:2647): Se inicia Mapa.
[INFO] 14:41:42:477 Mapa/(2738:2738): Se inicia Mapa.
[INFO] 20:21:55:792 Mapa/(6421:6421): Se inicia Mapa.
[INFO] 20:22:15:412 Mapa/(6468:6468): Se inicia Mapa.
[INFO] 20:22:22:592 Mapa/(6516:6516): Se inicia Mapa.
[INFO] 20:22:47:842 Mapa/(6563:6563): Se inicia Mapa.
[INFO] 20:33:05:507 Mapa/(6739:6739): Se inicia Mapa.
[INFO] 20:33:37:929 Mapa/(6788:6788): Se inicia Mapa.
[INFO] 20:35:25:32 Mapa/(6866:6866): Se inicia Mapa.
[INFO] 20:41:10:361 Mapa/(7145:7145): Se inicia Mapa.
[INFO] 20:41:20:535 Mapa/(7191:7191): Se inicia Mapa.
[INFO] 20:42:01:621 Mapa/(7260:7260): Se inicia Mapa.
[INFO] 20:43:55:467 Mapa/(7380:7380): Se inicia Mapa.
[INFO] 20:44:28:70 Mapa/(7433:7433): Se inicia Mapa.
[INFO] 21:01:00:412 Mapa/(7532:7532): Se inicia Mapa.
[INFO] 21:04:13:947 Mapa/(7615:7615): Se inicia Mapa.
[INFO] 21:06:11:184 Mapa/(7842:7842): Se inicia Mapa.
[INFO] 21:07:12:759 Mapa/(7968:7968): Se inicia Mapa.
[INFO] 21:10:36:474 Mapa/(8354:8354): Se inicia Mapa.
[INFO] 21:11:56:315 Mapa/(8522:8522): Se inicia Mapa.
[INFO] 21:14:42:543 Mapa/(8686:8686): Se inicia Mapa.
[INFO] 21:16:27:618 Mapa/(8876:8876): Se inicia Mapa.
[INFO] 21:17:50:545 Mapa/(9031:9031): Se inicia Mapa.
[INFO] 21:24:44:89 Mapa/(9626:9626): Se inicia Mapa.
[INFO] 21:26:36:449 Mapa/(9779:9779): Se inicia Mapa.
[INFO] 21:27:08:165 Mapa/(9869:9869): Se inicia Mapa.
[INFO] 21:27:43:547 Mapa/(9969:9969): Se inicia Mapa.
[INFO] 21:29:41:452 Mapa/(10146:10146): Se inicia Mapa.
[INFO] 21:31:47:786 Mapa/(10304:10304): Se inicia Mapa.
[INFO] 21:57:57:272 Mapa/(11010:11010): Se inicia Mapa.
[INFO] 10:02:32:377 Mapa/(5279:5279): Se inicia Mapa.
[INFO] 10:02:42:272 Mapa/(5348:5348): Se inicia Mapa.
[INFO] 10:02:51:346 Mapa/(5398:5398): Se inicia Mapa.
[INFO] 10:04:05:55 Mapa/(5484:5484): Se inicia Mapa.
[INFO] 10:05:37:425 Mapa/(5593:5593): Se inicia Mapa.
[INFO] 10:07:08:890 Mapa/(5760:5760): Se inicia Mapa.
[INFO] 10:07:38:95 Mapa/(5849:5849): Se inicia Mapa.
[INFO] 07:06:19:213 Mapa/(15756:15756): Se inicia Mapa.
[INFO] 07:06:44:195 Mapa/(15824:15824): Se inicia Mapa.
[INFO] 07:08:00:299 Mapa/(16012:16012): Se inicia Mapa.
[INFO] 07:09:34:832 Mapa/(16234:16234): Se inicia Mapa.
[INFO] 15:31:48:159 Mapa/(16983:16983): Se inicia Mapa.
[INFO] 15:34:04:335 Mapa/(17181:17181): Se inicia Mapa.
[INFO] 15:36:28:195 Mapa/(17468:17468): Se inicia Mapa.
[INFO] 15:36:55:556 Mapa/(17574:17574): Se inicia Mapa.
[INFO] 15:38:36:457 Mapa/(17753:17753): Se inicia Mapa.
[INFO] 15:46:49:169 Mapa/(18343:18343): Se inicia Mapa.
[INFO] 15:49:53:387 Mapa/(18703:18703): Se inicia Mapa.
[INFO] 21:18:55:725 Mapa/(21879:21879): Se inicia Mapa.
[INFO] 22:12:28:929 Mapa/(23279:23279): Se inicia Mapa.
[INFO] 22:13:30:597 Mapa/(23345:23345): Se inicia Mapa.
[INFO] 22:16:20:507 Mapa/(23590:23590): Se inicia Mapa.
[INFO] 22:19:20:250 Mapa/(23713:23713): Se inicia Mapa.
[INFO] 22:26:54:183 Mapa/(23823:23823): Se inicia Mapa.
[INFO] 22:37:17:421 Mapa/(24505:24505): Se inicia Mapa.
[INFO] 22:46:29:462 Mapa/(24634:24634): Se inicia Mapa.
[INFO] 22:51:06:80 Mapa/(24696:24696): Se inicia Mapa.
[INFO] 23:02:13:16 Mapa/(24956:24956): Se inicia Mapa.
[INFO] 23:05:56:991 Mapa/(25156:25156): Se inicia Mapa.
[INFO] 23:10:09:428 Mapa/(23858:23858): Se inicia Mapa.
[INFO] 23:10:39:689 Mapa/(25426:25426): Se inicia Mapa.
[INFO] 00:22:21:514 Mapa/(27971:27971): Se inicia Mapa.
[INFO] 00:24:43:919 Mapa/(28204:28204): Se inicia Mapa.
[INFO] 09:07:34:843 Mapa/(3840:3840): Se inicia Mapa.
[INFO] 09:15:51:761 Mapa/(4253:4253): Se inicia Mapa.
[INFO] 09:19:53:676 Mapa/(4491:4491): Se inicia Mapa.
[INFO] 09:21:47:43 Mapa/(4632:4632): Se inicia Mapa.
[INFO] 09:25:10:101 Mapa/(4778:4778): Se inicia Mapa.
[INFO] 22:11:31:770 Mapa/(2757:2757): Se inicia Mapa.
[INFO] 22:57:56:958 Mapa/(3792:3792): Se inicia Mapa.
[INFO] 22:58:03:263 Mapa/(3812:3812): Se inicia Mapa.
[INFO] 23:02:33:951 Mapa/(3910:3910): Se inicia Mapa.
[INFO] 22:08:35:499 Mapa/(4002:4002): Se inicia Mapa.
[INFO] 22:15:31:240 Mapa/(4096:4096): Se inicia Mapa.
[INFO] 22:20:50:798 Mapa/(4096:4213): Jugador # sale de Listos.
[INFO] 22:20:50:812 Mapa/(4096:4213): Cola Listos vacia.
[INFO] 22:20:50:812 Mapa/(4096:4213): Cola Bloqueados vacia.
[TRACE] 22:20:50:814 Mapa/(4096:4213): Termina turno de jugador #
[INFO] 22:20:50:814 Mapa/(4096:4213): Jugador # entra en Cola Listos
[INFO] 22:20:50:814 Mapa/(4096:4213): Jugadores en cola Listos: #-
[INFO] 22:20:50:814 Mapa/(4096:4213): Cola Bloqueados vacia.
[INFO] 22:22:56:418 Mapa/(4096:4213): Jugador # sale de Listos.
[INFO] 22:22:56:418 Mapa/(4096:4213): Cola Listos vacia.
[INFO] 22:22:56:418 Mapa/(4096:4213): Cola Bloqueados vacia.
[TRACE] 22:22:56:418 Mapa/(4096:4213): Termina turno de jugador #
[INFO] 22:22:56:419 Mapa/(4096:4213): Jugador # entra en Cola Listos
[INFO] 22:22:56:419 Mapa/(4096:4213): Jugadores en cola Listos: #-
[INFO] 22:22:56:419 Mapa/(4096:4213): Cola Bloqueados vacia.
[INFO] 22:22:56:444 Mapa/(4096:4096): Nuevo jugador: #, socket 6
[INFO] 22:55:52:302 Mapa/(4520:4520): Se inicia Mapa.
[INFO] 22:59:33:990 Mapa/(4520:5319): Jugador # sale de Listos.
[INFO] 22:59:34:11 Mapa/(4520:5319): Cola Listos vacia.
[INFO] 22:59:34:11 Mapa/(4520:5319): Cola Bloqueados vacia.
[TRACE] 22:59:34:12 Mapa/(4520:5319): Termina turno de jugador #
[INFO] 22:59:34:12 Mapa/(4520:5319): Jugador # entra en Cola Listos
[INFO] 22:59:34:12 Mapa/(4520:5319): Jugadores en cola Listos: #-
[INFO] 22:59:34:12 Mapa/(4520:5319): Cola Bloqueados vacia.
[INFO] 23:19:22:802 Mapa/(5709:5709): Se inicia Mapa.
[INFO] 23:23:42:713 Mapa/(5614:5614): Se inicia Mapa.
[INFO] 21:45:27:590 Mapa/(3676:3676): Se inicia Mapa.
[INFO] 21:45:53:564 Mapa/(3738:3738): Se inicia Mapa.
[INFO] 21:47:10:688 Mapa/(3828:3828): Se inicia Mapa.
[INFO] 21:47:49:265 Mapa/(3893:3893): Se inicia Mapa.
[INFO] 21:59:14:859 Mapa/(4185:4185): Se inicia Mapa.
[INFO] 21:59:23:356 Mapa/(4222:4222): Se inicia Mapa.
[INFO] 21:59:54:577 Mapa/(4284:4284): Se inicia Mapa.
[INFO] 22:00:03:73 Mapa/(4322:4322): Se inicia Mapa.
[INFO] 22:02:37:376 Mapa/(4393:4393): Se inicia Mapa.
[INFO] 22:06:08:51 Mapa/(4517:4517): Se inicia Mapa.
[INFO] 22:07:02:54 Mapa/(4614:4614): Se inicia Mapa.
[INFO] 22:10:05:663 Mapa/(4695:4695): Se inicia Mapa.
[INFO] 22:10:12:215 Mapa/(4734:4734): Se inicia Mapa.
[INFO] 22:10:19:204 Mapa/(4772:4772): Se inicia Mapa.
[INFO] 22:10:40:296 Mapa/(4834:4834): Se inicia Mapa.
[INFO] 22:18:35:901 Mapa/(5114:5114): Se inicia Mapa.
[INFO] 22:19:09:590 Mapa/(5177:5177): Se inicia Mapa.
[INFO] 22:19:31:151 Mapa/(5241:5241): Se inicia Mapa.
[INFO] 22:19:37:645 Mapa/(5279:5279): Se inicia Mapa.
[INFO] 22:23:40:736 Mapa/(5463:5463): Se inicia Mapa.
[INFO] 22:25:08:798 Mapa/(5547:5547): Se inicia Mapa.
[INFO] 22:25:15:8 Mapa/(5577:5577): Se inicia Mapa.
[INFO] 22:25:23:651 Mapa/(5614:5614): Se inicia Mapa.
[INFO] 22:26:19:757 Mapa/(5689:5689): Se inicia Mapa.
[INFO] 22:27:21:994 Mapa/(5789:5789): Se inicia Mapa.
[INFO] 22:27:57:67 Mapa/(5857:5857): Se inicia Mapa.
[INFO] 22:29:19:8 Mapa/(6009:6009): Se inicia Mapa.
[INFO] 22:30:59:777 Mapa/(6117:6117): Se inicia Mapa.
[INFO] 22:32:24:432 Mapa/(6210:6210): Se inicia Mapa.
[INFO] 22:32:46:769 Mapa/(6276:6276): Se inicia Mapa.
[INFO] 22:32:52:429 Mapa/(6317:6317): Se inicia Mapa.
[INFO] 22:33:18:724 Mapa/(6355:6355): Se inicia Mapa.
[INFO] 22:33:33:837 Mapa/(6394:6394): Se inicia Mapa.
[INFO] 22:41:58:84 Mapa/(6615:6615): Se inicia Mapa.
[INFO] 22:50:53:878 Mapa/(6941:6941): Se inicia Mapa.
[INFO] 22:51:18:895 Mapa/(6989:6989): Se inicia Mapa.
[INFO] 22:51:40:511 Mapa/(7026:7026): Se inicia Mapa.
[INFO] 22:52:19:431 Mapa/(7100:7100): Se inicia Mapa.
[INFO] 23:02:27:990 Mapa/(7765:7765): Se inicia Mapa.
[INFO] 23:02:55:618 Mapa/(7873:7873): Se inicia Mapa.
[INFO] 23:04:21:286 Mapa/(7976:7976): Se inicia Mapa.
[INFO] 23:07:49:157 Mapa/(8084:8084): Se inicia Mapa.
[INFO] 23:09:37:246 Mapa/(8216:8216): Se inicia Mapa.
[INFO] 23:12:29:411 Mapa/(8389:8389): Se inicia Mapa.
[INFO] 23:14:17:59 Mapa/(8461:8461): Se inicia Mapa.
[INFO] 23:19:24:253 Mapa/(8577:8577): Se inicia Mapa.
